#
# A fatal error has been detected by the Java Runtime Environment:
#
#  EXCEPTION_ACCESS_VIOLATION (0xc0000005) at pc=0x000000005bfee706, pid=1908, tid=0x0000000000002ba4
#
# JRE version: Java(TM) SE Runtime Environment (8.0_261-b12) (build 1.8.0_261-b12)
# Java VM: Java HotSpot(TM) 64-Bit Server VM (25.261-b12 mixed mode windows-amd64 compressed oops)
# Problematic frame:
# V  [jvm.dll+0x23e706]
#
# Failed to write core dump. Minidumps are not enabled by default on client versions of Windows
#
# If you would like to submit a bug report, please visit:
#   http://bugreport.java.com/bugreport/crash.jsp
#

---------------  T H R E A D  ---------------

Current thread (0x000001e457a75800):  GCTaskThread [stack: 0x000000628e500000,0x000000628e600000] [id=11172]

siginfo: ExceptionCode=0xc0000005, reading address 0x0000000000000008

Registers:
RAX=0x0000000000000000, RBX=0x000000628e5fe370, RCX=0x0000000000000000, RDX=0x0000000000000028
RSP=0x000000628e5fe0a0, RBP=0x000000628e5fe8d0, RSI=0x0000000000000000, RDI=0x000000628e5fea40
R8 =0x0000000000000000, R9 =0x000001e4723a9420, R10=0x000001e457a73e60, R11=0x000001e4723a9875
R12=0x0000000000000040, R13=0x000001e457a75ee0, R14=0x00000000000000b6, R15=0x000000005bdb0000
RIP=0x000000005bfee706, EFLAGS=0x0000000000010202

Top of Stack: (sp=0x000000628e5fe0a0)
0x000000628e5fe0a0:   0000000000000000 0000000000000000
0x000000628e5fe0b0:   0000000000000000 0000000000000000
0x000000628e5fe0c0:   0000000000000000 0000000000000000
0x000000628e5fe0d0:   0000000000000000 0000000000000000
0x000000628e5fe0e0:   0000000000000000 0000000000000000
0x000000628e5fe0f0:   0000000000000000 0000000000000000
0x000000628e5fe100:   0000000000000000 0000000000000000
0x000000628e5fe110:   0000000000000000 0000000000000000
0x000000628e5fe120:   0000000000000000 0000000000000000
0x000000628e5fe130:   0000000000000000 0000000000000000
0x000000628e5fe140:   0000000000000000 0000000000000000
0x000000628e5fe150:   0000000000000000 0000000000000000
0x000000628e5fe160:   0000000000000000 0000000000000000
0x000000628e5fe170:   0000000000000000 0000000000000000
0x000000628e5fe180:   0000000000000000 0000000000000000
0x000000628e5fe190:   0000000000000000 0000000000000000 

Instructions: (pc=0x000000005bfee706)
0x000000005bfee6e6:   01 00 00 48 8b 05 38 7a 56 00 48 33 c4 48 89 84
0x000000005bfee6f6:   24 30 01 00 00 48 8b d9 48 63 49 10 48 8b 43 08
0x000000005bfee706:   38 54 08 08 74 33 44 0f be c2 48 8d 4c 24 20 48
0x000000005bfee716:   8d 15 34 5d 3b 00 e8 bf d0 df ff ba 36 00 00 00 


Register to memory mapping:

RAX=0x0000000000000000 is an unknown value
RBX=0x000000628e5fe370 is an unknown value
RCX=0x0000000000000000 is an unknown value
RDX=0x0000000000000028 is an unknown value
RSP=0x000000628e5fe0a0 is an unknown value
RBP=0x000000628e5fe8d0 is an unknown value
RSI=0x0000000000000000 is an unknown value
RDI=0x000000628e5fea40 is an unknown value
R8 =0x0000000000000000 is an unknown value
R9 =0x000001e4723a9420 is pointing into metadata
R10=0x000001e457a73e60 is an unknown value
R11=0x000001e4723a9875 is pointing into metadata
R12=0x0000000000000040 is an unknown value
R13=0x000001e457a75ee0 is an unknown value
R14=0x00000000000000b6 is an unknown value
R15=0x000000005bdb0000 is an unknown value


Stack: [0x000000628e500000,0x000000628e600000],  sp=0x000000628e5fe0a0,  free space=1016k
Native frames: (J=compiled Java code, j=interpreted, Vv=VM code, C=native code)
V  [jvm.dll+0x23e706]
V  [jvm.dll+0x23ee24]
V  [jvm.dll+0x116523]
V  [jvm.dll+0x118483]
V  [jvm.dll+0x118cee]
V  [jvm.dll+0x11635a]
V  [jvm.dll+0x1154ea]
V  [jvm.dll+0xdccbb]
V  [jvm.dll+0xdd753]
V  [jvm.dll+0x1222f4]
V  [jvm.dll+0x145520]
V  [jvm.dll+0x215c69]
V  [jvm.dll+0x21557b]
V  [jvm.dll+0x24bd0f]
V  [jvm.dll+0x3e5b4a]
V  [jvm.dll+0x3d4409]
V  [jvm.dll+0x2a1cfc]
C  [ucrtbase.dll+0x20e82]
C  [KERNEL32.DLL+0x17bd4]
C  [ntdll.dll+0x6ce51]

JavaThread 0x000001e475a51800 (nid = 4236) was being processed
Java frames: (J=compiled Java code, j=interpreted, Vv=VM code)
j  com.desafio.concrete.controller.FormularioController.register(Lcom/desafio/concrete/form/FormularioForm;Lorg/springframework/web/util/UriComponentsBuilder;)Lorg/springframework/http/ResponseEntity;+9
v  ~StubRoutines::call_stub
J 1983  sun.reflect.NativeMethodAccessorImpl.invoke0(Ljava/lang/reflect/Method;Ljava/lang/Object;[Ljava/lang/Object;)Ljava/lang/Object; (0 bytes) @ 0x000001e4596fe73f [0x000001e4596fe6c0+0x7f]
J 1982 C1 sun.reflect.NativeMethodAccessorImpl.invoke(Ljava/lang/Object;[Ljava/lang/Object;)Ljava/lang/Object; (104 bytes) @ 0x000001e4596ff41c [0x000001e4596ff020+0x3fc]
J 1864 C1 sun.reflect.DelegatingMethodAccessorImpl.invoke(Ljava/lang/Object;[Ljava/lang/Object;)Ljava/lang/Object; (10 bytes) @ 0x000001e4596bdac4 [0x000001e4596bda60+0x64]
J 1863 C1 java.lang.reflect.Method.invoke(Ljava/lang/Object;[Ljava/lang/Object;)Ljava/lang/Object; (62 bytes) @ 0x000001e4596bd69c [0x000001e4596bd560+0x13c]
j  org.springframework.web.method.support.InvocableHandlerMethod.doInvoke([Ljava/lang/Object;)Ljava/lang/Object;+16
j  org.springframework.web.method.support.InvocableHandlerMethod.invokeForRequest(Lorg/springframework/web/context/request/NativeWebRequest;Lorg/springframework/web/method/support/ModelAndViewContainer;[Ljava/lang/Object;)Ljava/lang/Object;+56
j  org.springframework.web.servlet.mvc.method.annotation.ServletInvocableHandlerMethod.invokeAndHandle(Lorg/springframework/web/context/request/ServletWebRequest;Lorg/springframework/web/method/support/ModelAndViewContainer;[Ljava/lang/Object;)V+4
j  org.springframework.web.servlet.mvc.method.annotation.RequestMappingHandlerAdapter.invokeHandlerMethod(Ljavax/servlet/http/HttpServletRequest;Ljavax/servlet/http/HttpServletResponse;Lorg/springframework/web/method/HandlerMethod;)Lorg/springframework/web/servlet/ModelAndView;+244
j  org.springframework.web.servlet.mvc.method.annotation.RequestMappingHandlerAdapter.handleInternal(Ljavax/servlet/http/HttpServletRequest;Ljavax/servlet/http/HttpServletResponse;Lorg/springframework/web/method/HandlerMethod;)Lorg/springframework/web/servlet/ModelAndView;+81
j  org.springframework.web.servlet.mvc.method.AbstractHandlerMethodAdapter.handle(Ljavax/servlet/http/HttpServletRequest;Ljavax/servlet/http/HttpServletResponse;Ljava/lang/Object;)Lorg/springframework/web/servlet/ModelAndView;+7
j  org.springframework.web.servlet.DispatcherServlet.doDispatch(Ljavax/servlet/http/HttpServletRequest;Ljavax/servlet/http/HttpServletResponse;)V+257
j  org.springframework.web.servlet.DispatcherServlet.doService(Ljavax/servlet/http/HttpServletRequest;Ljavax/servlet/http/HttpServletResponse;)V+212
j  org.springframework.web.servlet.FrameworkServlet.processRequest(Ljavax/servlet/http/HttpServletRequest;Ljavax/servlet/http/HttpServletResponse;)V+71
j  org.springframework.web.servlet.FrameworkServlet.doPost(Ljavax/servlet/http/HttpServletRequest;Ljavax/servlet/http/HttpServletResponse;)V+3
j  javax.servlet.http.HttpServlet.service(Ljavax/servlet/http/HttpServletRequest;Ljavax/servlet/http/HttpServletResponse;)V+149
j  org.springframework.web.servlet.FrameworkServlet.service(Ljavax/servlet/http/HttpServletRequest;Ljavax/servlet/http/HttpServletResponse;)V+33
j  javax.servlet.http.HttpServlet.service(Ljavax/servlet/ServletRequest;Ljavax/servlet/ServletResponse;)V+36
j  org.apache.catalina.core.ApplicationFilterChain.internalDoFilter(Ljavax/servlet/ServletRequest;Ljavax/servlet/ServletResponse;)V+304
j  org.apache.catalina.core.ApplicationFilterChain.doFilter(Ljavax/servlet/ServletRequest;Ljavax/servlet/ServletResponse;)V+101
j  org.apache.tomcat.websocket.server.WsFilter.doFilter(Ljavax/servlet/ServletRequest;Ljavax/servlet/ServletResponse;Ljavax/servlet/FilterChain;)V+21
j  org.apache.catalina.core.ApplicationFilterChain.internalDoFilter(Ljavax/servlet/ServletRequest;Ljavax/servlet/ServletResponse;)V+135
j  org.apache.catalina.core.ApplicationFilterChain.doFilter(Ljavax/servlet/ServletRequest;Ljavax/servlet/ServletResponse;)V+101
j  org.springframework.web.filter.RequestContextFilter.doFilterInternal(Ljavax/servlet/http/HttpServletRequest;Ljavax/servlet/http/HttpServletResponse;Ljavax/servlet/FilterChain;)V+21
j  org.springframework.web.filter.OncePerRequestFilter.doFilter(Ljavax/servlet/ServletRequest;Ljavax/servlet/ServletResponse;Ljavax/servlet/FilterChain;)V+147
j  org.apache.catalina.core.ApplicationFilterChain.internalDoFilter(Ljavax/servlet/ServletRequest;Ljavax/servlet/ServletResponse;)V+135
j  org.apache.catalina.core.ApplicationFilterChain.doFilter(Ljavax/servlet/ServletRequest;Ljavax/servlet/ServletResponse;)V+101
j  org.springframework.web.filter.FormContentFilter.doFilterInternal(Ljavax/servlet/http/HttpServletRequest;Ljavax/servlet/http/HttpServletResponse;Ljavax/servlet/FilterChain;)V+38
j  org.springframework.web.filter.OncePerRequestFilter.doFilter(Ljavax/servlet/ServletRequest;Ljavax/servlet/ServletResponse;Ljavax/servlet/FilterChain;)V+147
j  org.apache.catalina.core.ApplicationFilterChain.internalDoFilter(Ljavax/servlet/ServletRequest;Ljavax/servlet/ServletResponse;)V+135
j  org.apache.catalina.core.ApplicationFilterChain.doFilter(Ljavax/servlet/ServletRequest;Ljavax/servlet/ServletResponse;)V+101
j  org.springframework.web.filter.CharacterEncodingFilter.doFilterInternal(Ljavax/servlet/http/HttpServletRequest;Ljavax/servlet/http/HttpServletResponse;Ljavax/servlet/FilterChain;)V+53
j  org.springframework.web.filter.OncePerRequestFilter.doFilter(Ljavax/servlet/ServletRequest;Ljavax/servlet/ServletResponse;Ljavax/servlet/FilterChain;)V+147
j  org.apache.catalina.core.ApplicationFilterChain.internalDoFilter(Ljavax/servlet/ServletRequest;Ljavax/servlet/ServletResponse;)V+135
j  org.apache.catalina.core.ApplicationFilterChain.doFilter(Ljavax/servlet/ServletRequest;Ljavax/servlet/ServletResponse;)V+101
j  org.apache.catalina.core.StandardWrapperValve.invoke(Lorg/apache/catalina/connector/Request;Lorg/apache/catalina/connector/Response;)V+694
j  org.apache.catalina.core.StandardContextValve.invoke(Lorg/apache/catalina/connector/Request;Lorg/apache/catalina/connector/Response;)V+169
j  org.apache.catalina.authenticator.AuthenticatorBase.invoke(Lorg/apache/catalina/connector/Request;Lorg/apache/catalina/connector/Response;)V+260
j  org.apache.catalina.core.StandardHostValve.invoke(Lorg/apache/catalina/connector/Request;Lorg/apache/catalina/connector/Response;)V+128
j  org.apache.catalina.valves.ErrorReportValve.invoke(Lorg/apache/catalina/connector/Request;Lorg/apache/catalina/connector/Response;)V+6
j  org.apache.catalina.core.StandardEngineValve.invoke(Lorg/apache/catalina/connector/Request;Lorg/apache/catalina/connector/Response;)V+59
j  org.apache.catalina.connector.CoyoteAdapter.service(Lorg/apache/coyote/Request;Lorg/apache/coyote/Response;)V+199
j  org.apache.coyote.http11.Http11Processor.service(Lorg/apache/tomcat/util/net/SocketWrapperBase;)Lorg/apache/tomcat/util/net/AbstractEndpoint$Handler$SocketState;+735
j  org.apache.coyote.AbstractProcessorLight.process(Lorg/apache/tomcat/util/net/SocketWrapperBase;Lorg/apache/tomcat/util/net/SocketEvent;)Lorg/apache/tomcat/util/net/AbstractEndpoint$Handler$SocketState;+170
j  org.apache.coyote.AbstractProtocol$ConnectionHandler.process(Lorg/apache/tomcat/util/net/SocketWrapperBase;Lorg/apache/tomcat/util/net/SocketEvent;)Lorg/apache/tomcat/util/net/AbstractEndpoint$Handler$SocketState;+505
j  org.apache.tomcat.util.net.NioEndpoint$SocketProcessor.doRun()V+214
j  org.apache.tomcat.util.net.SocketProcessorBase.run()V+21
j  java.util.concurrent.ThreadPoolExecutor.runWorker(Ljava/util/concurrent/ThreadPoolExecutor$Worker;)V+95
j  java.util.concurrent.ThreadPoolExecutor$Worker.run()V+5
j  org.apache.tomcat.util.threads.TaskThread$WrappingRunnable.run()V+4
j  java.lang.Thread.run()V+11
v  ~StubRoutines::call_stub

---------------  P R O C E S S  ---------------

Java Threads: ( => current thread )
  0x000001e475a53800 JavaThread "Thread-9" [_thread_blocked, id=9120, stack(0x000000628e200000,0x000000628e300000)]
  0x000001e475e12000 JavaThread "DestroyJavaVM" [_thread_blocked, id=11504, stack(0x000000628e400000,0x000000628e500000)]
  0x000001e475a51800 JavaThread "http-nio-8080-exec-3" daemon [_thread_blocked, id=4236, stack(0x0000006290700000,0x0000006290800000)]
  0x000001e475a50800 JavaThread "Live Reload Server" daemon [_thread_in_native, id=14976, stack(0x0000006290400000,0x0000006290500000)]
  0x000001e4740d8800 JavaThread "RMI TCP Accept-0" daemon [_thread_in_native, id=17180, stack(0x000000628f800000,0x000000628f900000)]
  0x000001e4740ca000 JavaThread "RMI TCP Accept-8523" daemon [_thread_in_native, id=16408, stack(0x000000628f700000,0x000000628f800000)]
  0x000001e4740b5800 JavaThread "RMI TCP Accept-0" daemon [_thread_in_native, id=8088, stack(0x000000628f600000,0x000000628f700000)]
  0x000001e47266d800 JavaThread "Service Thread" daemon [_thread_blocked, id=16964, stack(0x000000628f500000,0x000000628f600000)]
  0x000001e472642800 JavaThread "C1 CompilerThread2" daemon [_thread_blocked, id=14172, stack(0x000000628f400000,0x000000628f500000)]
  0x000001e4725ec000 JavaThread "C2 CompilerThread1" daemon [_thread_blocked, id=16968, stack(0x000000628f300000,0x000000628f400000)]
  0x000001e4725df800 JavaThread "C2 CompilerThread0" daemon [_thread_blocked, id=8068, stack(0x000000628f200000,0x000000628f300000)]
  0x000001e4725d3800 JavaThread "JDWP Command Reader" daemon [_thread_blocked, id=2732, stack(0x000000628f100000,0x000000628f200000)]
  0x000001e4725d0000 JavaThread "JDWP Event Helper Thread" daemon [_thread_blocked, id=2400, stack(0x000000628f000000,0x000000628f100000)]
  0x000001e4725cc000 JavaThread "JDWP Transport Listener: dt_socket" daemon [_thread_blocked, id=8956, stack(0x000000628ef00000,0x000000628f000000)]
  0x000001e4725aa800 JavaThread "Attach Listener" daemon [_thread_blocked, id=17244, stack(0x000000628ee00000,0x000000628ef00000)]
  0x000001e4725a9800 JavaThread "Signal Dispatcher" daemon [_thread_blocked, id=6468, stack(0x000000628ed00000,0x000000628ee00000)]
  0x000001e47258a000 JavaThread "Finalizer" daemon [_thread_blocked, id=364, stack(0x000000628eb00000,0x000000628ec00000)]
  0x000001e472560000 JavaThread "Reference Handler" daemon [_thread_blocked, id=728, stack(0x000000628ea00000,0x000000628eb00000)]

Other Threads:
  0x000001e472556800 VMThread [stack: 0x000000628e900000,0x000000628ea00000] [id=3992]
  0x000001e4740dd000 WatcherThread [stack: 0x000000628f900000,0x000000628fa00000] [id=16016]

=>0x000001e457a75800 (exited) GCTaskThread [stack: 0x000000628e500000,0x000000628e600000] [id=11172]

VM state:at safepoint (normal execution)

VM Mutex/Monitor currently owned by a thread:  ([mutex/lock_event])
[0x000001e457a5d4a0] Threads_lock - owner thread: 0x000001e472556800
[0x000001e457a5e9b0] Heap_lock - owner thread: 0x000001e475a53800

heap address: 0x00000006c0e00000, size: 4082 MB, Compressed Oops mode: Zero based, Oop shift amount: 3
Narrow klass base: 0x0000000000000000, Narrow klass shift: 3
Compressed class space size: 1073741824 Address: 0x00000007c0000000

Heap:
 PSYoungGen      total 230912K, used 142924K [0x000000076af80000, 0x000000077a180000, 0x00000007c0000000)
  eden space 215040K, 66% used [0x000000076af80000,0x0000000773b13030,0x0000000778180000)
  from space 15872K, 0% used [0x0000000779200000,0x0000000779200000,0x000000077a180000)
  to   space 16384K, 15% used [0x0000000778180000,0x00000007783fdc58,0x0000000779180000)
 ParOldGen       total 165888K, used 18170K [0x00000006c0e00000, 0x00000006cb000000, 0x000000076af80000)
  object space 165888K, 10% used [0x00000006c0e00000,0x00000006c1fbea50,0x00000006cb000000)
 Metaspace       used 52823K, capacity 56030K, committed 56064K, reserved 1097728K
  class space    used 7340K, capacity 7911K, committed 7936K, reserved 1048576K

Card table byte_map: [0x000001e468670000,0x000001e468e70000] byte_map_base: 0x000001e465069000

Marking Bits: (ParMarkBitMap*) 0x000000005c5a4fb0
 Begin Bits: [0x000001e4693d0000, 0x000001e46d398000)
 End Bits:   [0x000001e46d398000, 0x000001e471360000)

Polling page: 0x000001e4579c0000

CodeCache: size=245760Kb used=9121Kb max_used=9121Kb free=236638Kb
 bounds [0x000001e4592b0000, 0x000001e459ba0000, 0x000001e4682b0000]
 total_blobs=5132 nmethods=4575 adapters=477
 compilation: enabled

Compilation events (10 events):
Event: 133.164 Thread 0x000001e472642800 4660       1       org.h2.engine.Database::getLockMode (5 bytes)
Event: 133.164 Thread 0x000001e472642800 nmethod 4660 0x000001e459b9a310 code [0x000001e459b9a460, 0x000001e459b9a578]
Event: 133.164 Thread 0x000001e472642800 4658       1       org.h2.engine.Database::getQueryStatistics (5 bytes)
Event: 133.164 Thread 0x000001e472642800 nmethod 4658 0x000001e459b9a5d0 code [0x000001e459b9a720, 0x000001e459b9a838]
Event: 133.165 Thread 0x000001e472642800 4664       1       org.springframework.util.ConcurrentReferenceHashMap$Segment::access$300 (5 bytes)
Event: 133.165 Thread 0x000001e472642800 nmethod 4664 0x000001e459b9a890 code [0x000001e459b9a9e0, 0x000001e459b9aad8]
Event: 133.367 Thread 0x000001e472642800 4665       1       ch.qos.logback.core.UnsynchronizedAppenderBase::isStarted (5 bytes)
Event: 133.367 Thread 0x000001e472642800 nmethod 4665 0x000001e459b9ab50 code [0x000001e459b9aca0, 0x000001e459b9adb8]
Event: 133.369 Thread 0x000001e472642800 4666       1       java.util.concurrent.ThreadPoolExecutor::runStateAtLeast (11 bytes)
Event: 133.369 Thread 0x000001e472642800 nmethod 4666 0x000001e459b9ae10 code [0x000001e459b9af60, 0x000001e459b9b078]

GC Heap History (10 events):
Event: 3.835 GC heap after
Heap after GC invocations=7 (full 1):
 PSYoungGen      total 166912K, used 10727K [0x000000076af80000, 0x0000000778b80000, 0x00000007c0000000)
  eden space 156160K, 0% used [0x000000076af80000,0x000000076af80000,0x0000000774800000)
  from space 10752K, 99% used [0x0000000775380000,0x0000000775df9c08,0x0000000775e00000)
  to   space 11776K, 0% used [0x0000000774800000,0x0000000774800000,0x0000000775380000)
 ParOldGen       total 102400K, used 8545K [0x00000006c0e00000, 0x00000006c7200000, 0x000000076af80000)
  object space 102400K, 8% used [0x00000006c0e00000,0x00000006c1658518,0x00000006c7200000)
 Metaspace       used 33504K, capacity 35356K, committed 35496K, reserved 1079296K
  class space    used 4415K, capacity 4782K, committed 4864K, reserved 1048576K
}
Event: 3.835 GC heap before
{Heap before GC invocations=8 (full 2):
 PSYoungGen      total 166912K, used 10727K [0x000000076af80000, 0x0000000778b80000, 0x00000007c0000000)
  eden space 156160K, 0% used [0x000000076af80000,0x000000076af80000,0x0000000774800000)
  from space 10752K, 99% used [0x0000000775380000,0x0000000775df9c08,0x0000000775e00000)
  to   space 11776K, 0% used [0x0000000774800000,0x0000000774800000,0x0000000775380000)
 ParOldGen       total 102400K, used 8545K [0x00000006c0e00000, 0x00000006c7200000, 0x000000076af80000)
  object space 102400K, 8% used [0x00000006c0e00000,0x00000006c1658518,0x00000006c7200000)
 Metaspace       used 33504K, capacity 35356K, committed 35496K, reserved 1079296K
  class space    used 4415K, capacity 4782K, committed 4864K, reserved 1048576K
Event: 3.907 GC heap after
Heap after GC invocations=8 (full 2):
 PSYoungGen      total 166912K, used 0K [0x000000076af80000, 0x0000000778b80000, 0x00000007c0000000)
  eden space 156160K, 0% used [0x000000076af80000,0x000000076af80000,0x0000000774800000)
  from space 10752K, 0% used [0x0000000775380000,0x0000000775380000,0x0000000775e00000)
  to   space 11776K, 0% used [0x0000000774800000,0x0000000774800000,0x0000000775380000)
 ParOldGen       total 165888K, used 15609K [0x00000006c0e00000, 0x00000006cb000000, 0x000000076af80000)
  object space 165888K, 9% used [0x00000006c0e00000,0x00000006c1d3e5b8,0x00000006cb000000)
 Metaspace       used 33504K, capacity 35356K, committed 35496K, reserved 1079296K
  class space    used 4415K, capacity 4782K, committed 4864K, reserved 1048576K
}
Event: 5.655 GC heap before
{Heap before GC invocations=9 (full 2):
 PSYoungGen      total 166912K, used 156160K [0x000000076af80000, 0x0000000778b80000, 0x00000007c0000000)
  eden space 156160K, 100% used [0x000000076af80000,0x0000000774800000,0x0000000774800000)
  from space 10752K, 0% used [0x0000000775380000,0x0000000775380000,0x0000000775e00000)
  to   space 11776K, 0% used [0x0000000774800000,0x0000000774800000,0x0000000775380000)
 ParOldGen       total 165888K, used 15609K [0x00000006c0e00000, 0x00000006cb000000, 0x000000076af80000)
  object space 165888K, 9% used [0x00000006c0e00000,0x00000006c1d3e5b8,0x00000006cb000000)
 Metaspace       used 50187K, capacity 53194K, committed 53376K, reserved 1095680K
  class space    used 7018K, capacity 7535K, committed 7552K, reserved 1048576K
Event: 5.674 GC heap after
Heap after GC invocations=9 (full 2):
 PSYoungGen      total 167936K, used 11755K [0x000000076af80000, 0x000000077a280000, 0x00000007c0000000)
  eden space 156160K, 0% used [0x000000076af80000,0x000000076af80000,0x0000000774800000)
  from space 11776K, 99% used [0x0000000774800000,0x000000077537ad00,0x0000000775380000)
  to   space 16896K, 0% used [0x0000000779200000,0x0000000779200000,0x000000077a280000)
 ParOldGen       total 165888K, used 23549K [0x00000006c0e00000, 0x00000006cb000000, 0x000000076af80000)
  object space 165888K, 14% used [0x00000006c0e00000,0x00000006c24ff7d0,0x00000006cb000000)
 Metaspace       used 50187K, capacity 53194K, committed 53376K, reserved 1095680K
  class space    used 7018K, capacity 7535K, committed 7552K, reserved 1048576K
}
Event: 115.946 GC heap before
{Heap before GC invocations=10 (full 2):
 PSYoungGen      total 167936K, used 49880K [0x000000076af80000, 0x000000077a280000, 0x00000007c0000000)
  eden space 156160K, 24% used [0x000000076af80000,0x000000076d4bb5d0,0x0000000774800000)
  from space 11776K, 99% used [0x0000000774800000,0x000000077537ad00,0x0000000775380000)
  to   space 16896K, 0% used [0x0000000779200000,0x0000000779200000,0x000000077a280000)
 ParOldGen       total 165888K, used 23549K [0x00000006c0e00000, 0x00000006cb000000, 0x000000076af80000)
  object space 165888K, 14% used [0x00000006c0e00000,0x00000006c24ff7d0,0x00000006cb000000)
 Metaspace       used 52614K, capacity 55698K, committed 55808K, reserved 1097728K
  class space    used 7316K, capacity 7856K, committed 7936K, reserved 1048576K
Event: 115.955 GC heap after
Heap after GC invocations=10 (full 2):
 PSYoungGen      total 230912K, used 8430K [0x000000076af80000, 0x000000077a180000, 0x00000007c0000000)
  eden space 215040K, 0% used [0x000000076af80000,0x000000076af80000,0x0000000778180000)
  from space 15872K, 53% used [0x0000000779200000,0x0000000779a3b958,0x000000077a180000)
  to   space 16384K, 0% used [0x0000000778180000,0x0000000778180000,0x0000000779180000)
 ParOldGen       total 165888K, used 23557K [0x00000006c0e00000, 0x00000006cb000000, 0x000000076af80000)
  object space 165888K, 14% used [0x00000006c0e00000,0x00000006c25017d0,0x00000006cb000000)
 Metaspace       used 52614K, capacity 55698K, committed 55808K, reserved 1097728K
  class space    used 7316K, capacity 7856K, committed 7936K, reserved 1048576K
}
Event: 115.955 GC heap before
{Heap before GC invocations=11 (full 3):
 PSYoungGen      total 230912K, used 8430K [0x000000076af80000, 0x000000077a180000, 0x00000007c0000000)
  eden space 215040K, 0% used [0x000000076af80000,0x000000076af80000,0x0000000778180000)
  from space 15872K, 53% used [0x0000000779200000,0x0000000779a3b958,0x000000077a180000)
  to   space 16384K, 0% used [0x0000000778180000,0x0000000778180000,0x0000000779180000)
 ParOldGen       total 165888K, used 23557K [0x00000006c0e00000, 0x00000006cb000000, 0x000000076af80000)
  object space 165888K, 14% used [0x00000006c0e00000,0x00000006c25017d0,0x00000006cb000000)
 Metaspace       used 52614K, capacity 55698K, committed 55808K, reserved 1097728K
  class space    used 7316K, capacity 7856K, committed 7936K, reserved 1048576K
Event: 116.096 GC heap after
Heap after GC invocations=11 (full 3):
 PSYoungGen      total 230912K, used 0K [0x000000076af80000, 0x000000077a180000, 0x00000007c0000000)
  eden space 215040K, 0% used [0x000000076af80000,0x000000076af80000,0x0000000778180000)
  from space 15872K, 0% used [0x0000000779200000,0x0000000779200000,0x000000077a180000)
  to   space 16384K, 0% used [0x0000000778180000,0x0000000778180000,0x0000000779180000)
 ParOldGen       total 165888K, used 18162K [0x00000006c0e00000, 0x00000006cb000000, 0x000000076af80000)
  object space 165888K, 10% used [0x00000006c0e00000,0x00000006c1fbca50,0x00000006cb000000)
 Metaspace       used 52614K, capacity 55698K, committed 55808K, reserved 1097728K
  class space    used 7316K, capacity 7856K, committed 7936K, reserved 1048576K
}
Event: 133.379 GC heap before
{Heap before GC invocations=12 (full 3):
 PSYoungGen      total 230912K, used 142924K [0x000000076af80000, 0x000000077a180000, 0x00000007c0000000)
  eden space 215040K, 66% used [0x000000076af80000,0x0000000773b13030,0x0000000778180000)
  from space 15872K, 0% used [0x0000000779200000,0x0000000779200000,0x000000077a180000)
  to   space 16384K, 0% used [0x0000000778180000,0x0000000778180000,0x0000000779180000)
 ParOldGen       total 165888K, used 18162K [0x00000006c0e00000, 0x00000006cb000000, 0x000000076af80000)
  object space 165888K, 10% used [0x00000006c0e00000,0x00000006c1fbca50,0x00000006cb000000)
 Metaspace       used 52823K, capacity 56030K, committed 56064K, reserved 1097728K
  class space    used 7340K, capacity 7911K, committed 7936K, reserved 1048576K

Deoptimization events (0 events):
No events

Classes redefined (3 events):
Event: 106.463 Thread 0x000001e472556800 redefined class name=com.desafio.concrete.controller.FormularioController, count=1
Event: 131.288 Thread 0x000001e472556800 redefined class name=com.desafio.concrete.controller.FormularioController, count=2
Event: 131.303 Thread 0x000001e472556800 redefined class name=com.desafio.concrete.controller.FormularioController, count=1

Internal exceptions (10 events):
Event: 117.074 Thread 0x000001e475e10800 Exception <a 'java/lang/ArrayIndexOutOfBoundsException'> (0x0000000772307180) thrown at [C:\jenkins\workspace\8-2-build-windows-amd64-cygwin\jdk8u261\295\hotspot\src\share\vm\runtime\sharedRuntime.cpp, line 605]
Event: 117.087 Thread 0x000001e475e10800 Exception <a 'java/lang/ClassNotFoundException': java/lang/ObjectCustomizer> (0x0000000772d82480) thrown at [C:\jenkins\workspace\8-2-build-windows-amd64-cygwin\jdk8u261\295\hotspot\src\share\vm\classfile\systemDictionary.cpp, line 210]
Event: 117.087 Thread 0x000001e475e10800 Exception <a 'java/lang/ArrayIndexOutOfBoundsException'> (0x0000000772d855e0) thrown at [C:\jenkins\workspace\8-2-build-windows-amd64-cygwin\jdk8u261\295\hotspot\src\share\vm\runtime\sharedRuntime.cpp, line 605]
Event: 117.088 Thread 0x000001e475e10800 Exception <a 'java/lang/ClassNotFoundException': com/desafio/concrete/model/FormularioCustomizer> (0x0000000772d99e28) thrown at [C:\jenkins\workspace\8-2-build-windows-amd64-cygwin\jdk8u261\295\hotspot\src\share\vm\classfile\systemDictionary.cpp, line 21
Event: 117.088 Thread 0x000001e475e10800 Exception <a 'java/lang/ArrayIndexOutOfBoundsException'> (0x0000000772da0390) thrown at [C:\jenkins\workspace\8-2-build-windows-amd64-cygwin\jdk8u261\295\hotspot\src\share\vm\runtime\sharedRuntime.cpp, line 605]
Event: 117.088 Thread 0x000001e475e10800 Exception <a 'java/lang/ArrayIndexOutOfBoundsException'> (0x0000000772da2850) thrown at [C:\jenkins\workspace\8-2-build-windows-amd64-cygwin\jdk8u261\295\hotspot\src\share\vm\runtime\sharedRuntime.cpp, line 605]
Event: 117.097 Thread 0x000001e475e10800 Exception <a 'java/lang/ClassNotFoundException': java/lang/ObjectCustomizer> (0x0000000772e00cf8) thrown at [C:\jenkins\workspace\8-2-build-windows-amd64-cygwin\jdk8u261\295\hotspot\src\share\vm\classfile\systemDictionary.cpp, line 210]
Event: 117.099 Thread 0x000001e475e10800 Exception <a 'java/lang/ClassNotFoundException': com/desafio/concrete/model/PhoneCustomizer> (0x0000000772e16530) thrown at [C:\jenkins\workspace\8-2-build-windows-amd64-cygwin\jdk8u261\295\hotspot\src\share\vm\classfile\systemDictionary.cpp, line 210]
Event: 117.130 Thread 0x000001e475e10800 Exception <a 'java/lang/reflect/InvocationTargetException'> (0x0000000773217a18) thrown at [C:\jenkins\workspace\8-2-build-windows-amd64-cygwin\jdk8u261\295\hotspot\src\share\vm\runtime\reflection.cpp, line 1092]
Event: 133.155 Thread 0x000001e475e11000 Exception <a 'java/lang/InterruptedException': sleep interrupted> (0x0000000773964f08) thrown at [C:\jenkins\workspace\8-2-build-windows-amd64-cygwin\jdk8u261\295\hotspot\src\share\vm\prims\jvm.cpp, line 3346]

Events (10 events):
Event: 133.376 Executing VM operation: RevokeBias
Event: 133.376 Executing VM operation: RevokeBias done
Event: 133.376 Executing VM operation: RevokeBias
Event: 133.376 Executing VM operation: RevokeBias done
Event: 133.376 Executing VM operation: RevokeBias
Event: 133.377 Executing VM operation: RevokeBias done
Event: 133.377 Executing VM operation: RevokeBias
Event: 133.377 Executing VM operation: RevokeBias done
Event: 133.377 Thread 0x000001e475a52000 Thread exited: 0x000001e475a52000
Event: 133.378 Executing VM operation: ParallelGCSystemGC


Dynamic libraries:
0x00007ff71aee0000 - 0x00007ff71af27000 	C:\Program Files\Java\jre1.8.0_261\bin\javaw.exe
0x00007ffde7ae0000 - 0x00007ffde7cd0000 	C:\WINDOWS\SYSTEM32\ntdll.dll
0x00007ffde5f30000 - 0x00007ffde5fe2000 	C:\WINDOWS\System32\KERNEL32.DLL
0x00007ffde4ed0000 - 0x00007ffde5175000 	C:\WINDOWS\System32\KERNELBASE.dll
0x00007ffde7020000 - 0x00007ffde70c3000 	C:\WINDOWS\System32\ADVAPI32.dll
0x00007ffde6200000 - 0x00007ffde629e000 	C:\WINDOWS\System32\msvcrt.dll
0x00007ffde5b90000 - 0x00007ffde5c27000 	C:\WINDOWS\System32\sechost.dll
0x00007ffde76e0000 - 0x00007ffde7800000 	C:\WINDOWS\System32\RPCRT4.dll
0x00007ffde7180000 - 0x00007ffde7315000 	C:\WINDOWS\System32\USER32.dll
0x00007ffde4c70000 - 0x00007ffde4c91000 	C:\WINDOWS\System32\win32u.dll
0x00007ffde6990000 - 0x00007ffde69b6000 	C:\WINDOWS\System32\GDI32.dll
0x00007ffde4a70000 - 0x00007ffde4c06000 	C:\WINDOWS\System32\gdi32full.dll
0x00007ffde5350000 - 0x00007ffde53ee000 	C:\WINDOWS\System32\msvcp_win.dll
0x00007ffde4dd0000 - 0x00007ffde4eca000 	C:\WINDOWS\System32\ucrtbase.dll
0x00007ffdceae0000 - 0x00007ffdced64000 	C:\WINDOWS\WinSxS\amd64_microsoft.windows.common-controls_6595b64144ccf1df_6.0.18362.1082_none_9e8193e1e45b25c1\COMCTL32.dll
0x00007ffde7320000 - 0x00007ffde7655000 	C:\WINDOWS\System32\combase.dll
0x00007ffde5180000 - 0x00007ffde5200000 	C:\WINDOWS\System32\bcryptPrimitives.dll
0x00007ffde7130000 - 0x00007ffde715e000 	C:\WINDOWS\System32\IMM32.DLL
0x00007ffdd6e40000 - 0x00007ffdd6e55000 	C:\Program Files\Java\jre1.8.0_261\bin\vcruntime140.dll
0x00007ffda9e10000 - 0x00007ffda9eab000 	C:\Program Files\Java\jre1.8.0_261\bin\msvcp140.dll
0x000000005bdb0000 - 0x000000005c61c000 	C:\Program Files\Java\jre1.8.0_261\bin\server\jvm.dll
0x00007ffde7160000 - 0x00007ffde7168000 	C:\WINDOWS\System32\PSAPI.DLL
0x00007ffdcaee0000 - 0x00007ffdcaee9000 	C:\WINDOWS\SYSTEM32\WSOCK32.dll
0x00007ffde5ff0000 - 0x00007ffde605f000 	C:\WINDOWS\System32\WS2_32.dll
0x00007ffde23c0000 - 0x00007ffde23e4000 	C:\WINDOWS\SYSTEM32\WINMM.dll
0x00007ffddf740000 - 0x00007ffddf74a000 	C:\WINDOWS\SYSTEM32\VERSION.dll
0x00007ffde2390000 - 0x00007ffde23bd000 	C:\WINDOWS\SYSTEM32\WINMMBASE.dll
0x00007ffde4d80000 - 0x00007ffde4dca000 	C:\WINDOWS\System32\cfgmgr32.dll
0x00007ffde4a50000 - 0x00007ffde4a61000 	C:\WINDOWS\System32\kernel.appcore.dll
0x00007ffde1dd0000 - 0x00007ffde1de0000 	C:\Program Files\Java\jre1.8.0_261\bin\verify.dll
0x00007ffdd8d80000 - 0x00007ffdd8dab000 	C:\Program Files\Java\jre1.8.0_261\bin\java.dll
0x00007ffddab20000 - 0x00007ffddab56000 	C:\Program Files\Java\jre1.8.0_261\bin\jdwp.dll
0x00007ffde0850000 - 0x00007ffde0859000 	C:\Program Files\Java\jre1.8.0_261\bin\npt.dll
0x00007ffdbb900000 - 0x00007ffdbb918000 	C:\Program Files\Java\jre1.8.0_261\bin\zip.dll
0x00007ffde62a0000 - 0x00007ffde6987000 	C:\WINDOWS\System32\SHELL32.dll
0x00007ffde78b0000 - 0x00007ffde7959000 	C:\WINDOWS\System32\shcore.dll
0x00007ffde53f0000 - 0x00007ffde5b70000 	C:\WINDOWS\System32\windows.storage.dll
0x00007ffde4a20000 - 0x00007ffde4a43000 	C:\WINDOWS\System32\profapi.dll
0x00007ffde49d0000 - 0x00007ffde4a1a000 	C:\WINDOWS\System32\powrprof.dll
0x00007ffde49a0000 - 0x00007ffde49b0000 	C:\WINDOWS\System32\UMPDC.dll
0x00007ffde70d0000 - 0x00007ffde7122000 	C:\WINDOWS\System32\shlwapi.dll
0x00007ffde5b70000 - 0x00007ffde5b87000 	C:\WINDOWS\System32\cryptsp.dll
0x00007ffdd9f00000 - 0x00007ffdd9f0a000 	C:\Program Files\Java\jre1.8.0_261\bin\dt_socket.dll
0x00007ffdcaf40000 - 0x00007ffdcaf56000 	C:\WINDOWS\system32\napinsp.dll
0x00007ffdcaf20000 - 0x00007ffdcaf3a000 	C:\WINDOWS\system32\pnrpnsp.dll
0x00007ffde4140000 - 0x00007ffde41a7000 	C:\WINDOWS\System32\mswsock.dll
0x00007ffde3ea0000 - 0x00007ffde3f6b000 	C:\WINDOWS\SYSTEM32\DNSAPI.dll
0x00007ffde6eb0000 - 0x00007ffde6eb8000 	C:\WINDOWS\System32\NSI.dll
0x00007ffde3e60000 - 0x00007ffde3e9a000 	C:\WINDOWS\SYSTEM32\IPHLPAPI.DLL
0x00007ffdcaf10000 - 0x00007ffdcaf1e000 	C:\WINDOWS\System32\winrnr.dll
0x00007ffde1e00000 - 0x00007ffde1e1c000 	C:\WINDOWS\system32\NLAapi.dll
0x00007ffdcaef0000 - 0x00007ffdcaf05000 	C:\WINDOWS\system32\wshbth.dll
0x00007ffddcf30000 - 0x00007ffddcfa7000 	C:\WINDOWS\System32\fwpuclnt.dll
0x00007ffde4d50000 - 0x00007ffde4d76000 	C:\WINDOWS\System32\bcrypt.dll
0x00007ffdcdf70000 - 0x00007ffdcdf7a000 	C:\Windows\System32\rasadhlp.dll
0x00007ffdda4a0000 - 0x00007ffdda4ad000 	C:\Program Files\Java\jre1.8.0_261\bin\management.dll
0x00007ffdb7a40000 - 0x00007ffdb7a5c000 	C:\Program Files\Java\jre1.8.0_261\bin\net.dll
0x00007ffdb65a0000 - 0x00007ffdb65b3000 	C:\Program Files\Java\jre1.8.0_261\bin\nio.dll
0x00007ffde3cc0000 - 0x00007ffde3cf3000 	C:\WINDOWS\system32\rsaenh.dll
0x00007ffde48c0000 - 0x00007ffde48e5000 	C:\WINDOWS\SYSTEM32\USERENV.dll
0x00007ffde42c0000 - 0x00007ffde42cc000 	C:\WINDOWS\SYSTEM32\CRYPTBASE.dll
0x00007ffddd030000 - 0x00007ffddd046000 	C:\WINDOWS\SYSTEM32\dhcpcsvc6.DLL
0x00007ffddd010000 - 0x00007ffddd02c000 	C:\WINDOWS\SYSTEM32\dhcpcsvc.DLL
0x00007ffde3090000 - 0x00007ffde3284000 	C:\WINDOWS\SYSTEM32\dbghelp.dll

VM Arguments:
jvm_args: -agentlib:jdwp=transport=dt_socket,suspend=y,address=localhost:8524 -Dcom.sun.management.jmxremote -Dcom.sun.management.jmxremote.port=8523 -Dcom.sun.management.jmxremote.authenticate=false -Dcom.sun.management.jmxremote.ssl=false -Djava.rmi.server.hostname=localhost -Dspring.jmx.enabled=true -Dspring.application.admin.enabled=true -Xverify:none -XX:TieredStopAtLevel=1 -Dspring.boot.project.name=desafioConcrete -Dfile.encoding=Cp1252 
java_command: com.desafio.concrete.DesafioConcreteApplication --spring.output.ansi.enabled=always
java_class_path (initial): C:\Users\COUGAR\Documents\workspace-spring-tool-suite-4-4.4.2.RELEASE\desafioConcrete\bin\main;C:\Users\COUGAR\.gradle\caches\modules-2\files-2.1\org.springframework.boot\spring-boot-starter-data-jpa\2.3.4.RELEASE\a8b9828649248d762d1d3fc6898c8d7e471e1a8e\spring-boot-starter-data-jpa-2.3.4.RELEASE.jar;C:\Users\COUGAR\.gradle\caches\modules-2\files-2.1\org.springframework.boot\spring-boot-starter-web\2.3.4.RELEASE\fe00611add5307c1f25f955b5229b7dddaaa2ff4\spring-boot-starter-web-2.3.4.RELEASE.jar;C:\Users\COUGAR\.gradle\caches\modules-2\files-2.1\org.springframework.boot\spring-boot-starter-validation\2.3.4.RELEASE\8f2509793e36e9c09323cb7b88413f9dac69a47f\spring-boot-starter-validation-2.3.4.RELEASE.jar;C:\Users\COUGAR\.gradle\caches\modules-2\files-2.1\org.springframework.boot\spring-boot-starter-aop\2.3.4.RELEASE\d3f6346c22a693830f2b7099b8a2dd531f771a4b\spring-boot-starter-aop-2.3.4.RELEASE.jar;C:\Users\COUGAR\.gradle\caches\modules-2\files-2.1\org.springframework.boot\spring-boot-starter-jdbc\2.3.4.RELEASE\77ca3fe49c6f9bb62fec474ebfc0c529bf048fd4\spring-boot-starter-jdbc-2.3.4.RELEASE.jar;C:\Users\COUGAR\.gradle\caches\modules-2\files-2.1\jakarta.transaction\jakarta.transaction-api\1.3.3\c4179d48720a1e87202115fbed6089bdc4195405\jakarta.transaction-api-1.3.3.jar;C:\Users\COUGAR\.gradle\caches\modules-2\files-2.1\jakarta.persistence\jakarta.persistence-api\2.2.3\8f6ea5daedc614f07a3654a455660145286f024e\jakarta.persistence-api-2.2.3.jar;C:\Users\COUGAR\.gradle\caches\modules-2\files-2.1\org.hibernate\hibernate-core\5.4.21.Final\7cc737047ce084bf732adbb7f4064a16fd26229a\hibernate-core-5.4.21.Final.jar;C:\Users\COUGAR\.gradle\caches\modules-2\files-2.1\org.springframework.data\spring-data-jpa\2.3.4.RELEASE\d564e9ce9bf4dd6183dd417625efa97e4a13f4ac\spring-data-jpa-2.3.4.RELEASE.jar;C:\Users\COUGAR\.gradle\caches\modules-2\files-2.1\org.springframework\spring-aspects\5.2.9.RELEASE\6726b662c862e8bf297c9251e7851fbc9fe01d84\spring-aspects-5.2.9.RELE
Launcher Type: SUN_STANDARD

Environment Variables:
USERNAME=COUGAR
OS=Windows_NT
PROCESSOR_IDENTIFIER=Intel64 Family 6 Model 158 Stepping 9, GenuineIntel



---------------  S Y S T E M  ---------------

OS: Windows 10.0 , 64 bit Build 18362 (10.0.18362.1082)

CPU:total 4 (initial active 4) (2 cores per cpu, 2 threads per core) family 6 model 158 stepping 9, cmov, cx8, fxsr, mmx, sse, sse2, sse3, ssse3, sse4.1, sse4.2, popcnt, aes, clmul, erms, 3dnowpref, lzcnt, ht, tsc, tscinvbit

Memory: 4k page, physical 16717440k(9639740k free), swap 17968124k(4217328k free)

vm_info: Java HotSpot(TM) 64-Bit Server VM (25.261-b12) for windows-amd64 JRE (1.8.0_261-b12), built on Jun 18 2020 06:56:32 by "" with unknown MS VC++:1916

time: Sat Sep 19 21:24:08 2020
timezone: Hora oficial do Brasil
elapsed time: 133 seconds (0d 0h 2m 13s)

